# JRE version: Java(TM) SE Runtime Environment (8.0_191-b12) (build 1.8.0_191-b12)
# Java VM: Java HotSpot(TM) 64-Bit Server VM (25.191-b12 mixed mode bsd-amd64 compressed oops)
Heap:
 PSYoungGen      total 490496K, used 397580K [0x00000007a0000000, 0x00000007bfa80000, 0x00000007c0000000)
  eden space 461312K, 83% used [0x00000007a0000000,0x00000007b7a647f8,0x00000007bc280000)
  from space 29184K, 34% used [0x00000007bc280000,0x00000007bcc5eb60,0x00000007bdf00000)
  to   space 28160K, 0% used [0x00000007bdf00000,0x00000007bdf00000,0x00000007bfa80000)
 ParOldGen       total 342016K, used 63310K [0x0000000760000000, 0x0000000774e00000, 0x00000007a0000000)
  object space 342016K, 18% used [0x0000000760000000,0x0000000763dd3a68,0x0000000774e00000)
 Metaspace       used 98815K, capacity 104864K, committed 105280K, reserved 1140736K
  class space    used 12397K, capacity 13444K, committed 13696K, reserved 1048576K
GC Heap History (10 events):
Event: 12986.690 GC heap before
{Heap before GC invocations=39 (full 4):
 PSYoungGen      total 489472K, used 471546K [0x00000007a0000000, 0x00000007bfc80000, 0x00000007c0000000)
  eden space 460288K, 100% used [0x00000007a0000000,0x00000007bc180000,0x00000007bc180000)
  from space 29184K, 38% used [0x00000007be000000,0x00000007beafebf8,0x00000007bfc80000)
  to   space 30208K, 0% used [0x00000007bc180000,0x00000007bc180000,0x00000007bdf00000)
 ParOldGen       total 342016K, used 60503K [0x0000000760000000, 0x0000000774e00000, 0x00000007a0000000)
  object space 342016K, 17% used [0x0000000760000000,0x0000000763b15d28,0x0000000774e00000)
 Metaspace       used 98162K, capacity 104176K, committed 104384K, reserved 1140736K
  class space    used 12381K, capacity 13418K, committed 13568K, reserved 1048576K
Event: 12986.703 GC heap after
Heap after GC invocations=39 (full 4):
 PSYoungGen      total 490496K, used 23035K [0x00000007a0000000, 0x00000007c0000000, 0x00000007c0000000)
  eden space 460288K, 0% used [0x00000007a0000000,0x00000007a0000000,0x00000007bc180000)
  from space 30208K, 76% used [0x00000007bc180000,0x00000007bd7fefd8,0x00000007bdf00000)
  to   space 32256K, 0% used [0x00000007be080000,0x00000007be080000,0x00000007c0000000)
 ParOldGen       total 342016K, used 60511K [0x0000000760000000, 0x0000000774e00000, 0x00000007a0000000)
  object space 342016K, 17% used [0x0000000760000000,0x0000000763b17d28,0x0000000774e00000)
 Metaspace       used 98162K, capacity 104176K, committed 104384K, reserved 1140736K
  class space    used 12381K, capacity 13418K, committed 13568K, reserved 1048576K
}
Event: 13050.343 GC heap before
{Heap before GC invocations=40 (full 4):
 PSYoungGen      total 490496K, used 483323K [0x00000007a0000000, 0x00000007c0000000, 0x00000007c0000000)
  eden space 460288K, 100% used [0x00000007a0000000,0x00000007bc180000,0x00000007bc180000)
  from space 30208K, 76% used [0x00000007bc180000,0x00000007bd7fefd8,0x00000007bdf00000)
  to   space 32256K, 0% used [0x00000007be080000,0x00000007be080000,0x00000007c0000000)
 ParOldGen       total 342016K, used 60511K [0x0000000760000000, 0x0000000774e00000, 0x00000007a0000000)
  object space 342016K, 17% used [0x0000000760000000,0x0000000763b17d28,0x0000000774e00000)
 Metaspace       used 98364K, capacity 104388K, committed 104768K, reserved 1140736K
  class space    used 12395K, capacity 13442K, committed 13696K, reserved 1048576K
Event: 13050.351 GC heap after
Heap after GC invocations=40 (full 4):
 PSYoungGen      total 493056K, used 10767K [0x00000007a0000000, 0x00000007c0000000, 0x00000007c0000000)
  eden space 460800K, 0% used [0x00000007a0000000,0x00000007a0000000,0x00000007bc200000)
  from space 32256K, 33% used [0x00000007be080000,0x00000007beb03d50,0x00000007c0000000)
  to   space 31232K, 0% used [0x00000007bc200000,0x00000007bc200000,0x00000007be080000)
 ParOldGen       total 342016K, used 60691K [0x0000000760000000, 0x0000000774e00000, 0x00000007a0000000)
  object space 342016K, 17% used [0x0000000760000000,0x0000000763b44d38,0x0000000774e00000)
 Metaspace       used 98364K, capacity 104388K, committed 104768K, reserved 1140736K
  class space    used 12395K, capacity 13442K, committed 13696K, reserved 1048576K
}
Event: 13614.498 GC heap before
{Heap before GC invocations=41 (full 4):
 PSYoungGen      total 493056K, used 471567K [0x00000007a0000000, 0x00000007c0000000, 0x00000007c0000000)
  eden space 460800K, 100% used [0x00000007a0000000,0x00000007bc200000,0x00000007bc200000)
  from space 32256K, 33% used [0x00000007be080000,0x00000007beb03d50,0x00000007c0000000)
  to   space 31232K, 0% used [0x00000007bc200000,0x00000007bc200000,0x00000007be080000)
 ParOldGen       total 342016K, used 60691K [0x0000000760000000, 0x0000000774e00000, 0x00000007a0000000)
  object space 342016K, 17% used [0x0000000760000000,0x0000000763b44d38,0x0000000774e00000)
 Metaspace       used 98459K, capacity 104516K, committed 105024K, reserved 1140736K
  class space    used 12395K, capacity 13442K, committed 13696K, reserved 1048576K
Event: 13614.513 GC heap after
Heap after GC invocations=41 (full 4):
 PSYoungGen      total 474112K, used 13294K [0x00000007a0000000, 0x00000007bfc00000, 0x00000007c0000000)
  eden space 460800K, 0% used [0x00000007a0000000,0x00000007a0000000,0x00000007bc200000)
  from space 13312K, 99% used [0x00000007bc200000,0x00000007bcefbbc0,0x00000007bcf00000)
  to   space 29696K, 0% used [0x00000007bdf00000,0x00000007bdf00000,0x00000007bfc00000)
 ParOldGen       total 342016K, used 62902K [0x0000000760000000, 0x0000000774e00000, 0x00000007a0000000)
  object space 342016K, 18% used [0x0000000760000000,0x0000000763d6da48,0x0000000774e00000)
 Metaspace       used 98459K, capacity 104516K, committed 105024K, reserved 1140736K
  class space    used 12395K, capacity 13442K, committed 13696K, reserved 1048576K
}
Event: 13813.260 GC heap before
{Heap before GC invocations=42 (full 4):
 PSYoungGen      total 474112K, used 474094K [0x00000007a0000000, 0x00000007bfc00000, 0x00000007c0000000)
  eden space 460800K, 100% used [0x00000007a0000000,0x00000007bc200000,0x00000007bc200000)
  from space 13312K, 99% used [0x00000007bc200000,0x00000007bcefbbc0,0x00000007bcf00000)
  to   space 29696K, 0% used [0x00000007bdf00000,0x00000007bdf00000,0x00000007bfc00000)
 ParOldGen       total 342016K, used 62902K [0x0000000760000000, 0x0000000774e00000, 0x00000007a0000000)
  object space 342016K, 18% used [0x0000000760000000,0x0000000763d6da48,0x0000000774e00000)
 Metaspace       used 98603K, capacity 104596K, committed 105024K, reserved 1140736K
  class space    used 12396K, capacity 13444K, committed 13696K, reserved 1048576K
Event: 13813.269 GC heap after
Heap after GC invocations=42 (full 4):
 PSYoungGen      total 491008K, used 8751K [0x00000007a0000000, 0x00000007bfc80000, 0x00000007c0000000)
  eden space 461312K, 0% used [0x00000007a0000000,0x00000007a0000000,0x00000007bc280000)
  from space 29696K, 29% used [0x00000007bdf00000,0x00000007be78bf48,0x00000007bfc00000)
  to   space 29184K, 0% used [0x00000007bc280000,0x00000007bc280000,0x00000007bdf00000)
 ParOldGen       total 342016K, used 63054K [0x0000000760000000, 0x0000000774e00000, 0x00000007a0000000)
  object space 342016K, 18% used [0x0000000760000000,0x0000000763d93a58,0x0000000774e00000)
 Metaspace       used 98603K, capacity 104596K, committed 105024K, reserved 1140736K
  class space    used 12396K, capacity 13444K, committed 13696K, reserved 1048576K
}
Event: 14066.442 GC heap before
{Heap before GC invocations=43 (full 4):
 PSYoungGen      total 491008K, used 470063K [0x00000007a0000000, 0x00000007bfc80000, 0x00000007c0000000)
  eden space 461312K, 100% used [0x00000007a0000000,0x00000007bc280000,0x00000007bc280000)
  from space 29696K, 29% used [0x00000007bdf00000,0x00000007be78bf48,0x00000007bfc00000)
  to   space 29184K, 0% used [0x00000007bc280000,0x00000007bc280000,0x00000007bdf00000)
 ParOldGen       total 342016K, used 63054K [0x0000000760000000, 0x0000000774e00000, 0x00000007a0000000)
  object space 342016K, 18% used [0x0000000760000000,0x0000000763d93a58,0x0000000774e00000)
 Metaspace       used 98711K, capacity 104796K, committed 105280K, reserved 1140736K
  class space    used 12396K, capacity 13444K, committed 13696K, reserved 1048576K
Event: 14066.453 GC heap after
Heap after GC invocations=43 (full 4):
 PSYoungGen      total 490496K, used 10106K [0x00000007a0000000, 0x00000007bfa80000, 0x00000007c0000000)
  eden space 461312K, 0% used [0x00000007a0000000,0x00000007a0000000,0x00000007bc280000)
  from space 29184K, 34% used [0x00000007bc280000,0x00000007bcc5eb60,0x00000007bdf00000)
  to   space 28160K, 0% used [0x00000007bdf00000,0x00000007bdf00000,0x00000007bfa80000)
 ParOldGen       total 342016K, used 63310K [0x0000000760000000, 0x0000000774e00000, 0x00000007a0000000)
  object space 342016K, 18% used [0x0000000760000000,0x0000000763dd3a68,0x0000000774e00000)
 Metaspace       used 98711K, capacity 104796K, committed 105280K, reserved 1140736K
  class space    used 12396K, capacity 13444K, committed 13696K, reserved 1048576K
}

